0 info it worked if it ends with ok
1 verbose cli [ '/usr/local/bin/node',
1 verbose cli   '/usr/local/bin/npm',
1 verbose cli   'install',
1 verbose cli   'vim',
1 verbose cli   'env.sh' ]
2 info using npm@3.10.10
3 info using node@v6.11.3
4 silly loadCurrentTree Starting
5 silly install loadCurrentTree
6 silly install readLocalPackageData
7 silly fetchPackageMetaData vim
8 silly fetchPackageMetaData env.sh
9 silly fetchNamedPackageData vim
10 silly mapToRegistry name vim
11 silly mapToRegistry using default registry
12 silly mapToRegistry registry https://registry.npmjs.org/
13 silly mapToRegistry data Result {
13 silly mapToRegistry   raw: 'vim',
13 silly mapToRegistry   scope: null,
13 silly mapToRegistry   escapedName: 'vim',
13 silly mapToRegistry   name: 'vim',
13 silly mapToRegistry   rawSpec: '',
13 silly mapToRegistry   spec: 'latest',
13 silly mapToRegistry   type: 'tag' }
14 silly mapToRegistry uri https://registry.npmjs.org/vim
15 silly fetchOtherPackageData env.sh
16 silly cache add args [ 'env.sh', null ]
17 verbose cache add spec env.sh
18 verbose request uri https://registry.npmjs.org/vim
19 verbose request no auth needed
20 info attempt registry request try #1 at 11:41:02 AM
21 verbose request id f88e72d6df3eb2f6
22 http request GET https://registry.npmjs.org/vim
23 silly cache add parsed spec Result {
23 silly cache add   raw: 'env.sh',
23 silly cache add   scope: null,
23 silly cache add   escapedName: 'env.sh',
23 silly cache add   name: null,
23 silly cache add   rawSpec: 'env.sh',
23 silly cache add   spec: '/Users/elianacrawford/Google Drive/Horizons/horizons/fakeDocs/env.sh',
23 silly cache add   type: 'local' }
24 silly addLocalTarball shasum (computed) da39a3ee5e6b4b0d3255bfef95601890afd80709
25 verbose addTmpTarball /Users/elianacrawford/Google Drive/Horizons/horizons/fakeDocs/env.sh not in flight; adding
26 verbose correctMkdir /Users/elianacrawford/.npm correctMkdir not in flight; initializing
27 verbose addTmpTarball validating metadata from /Users/elianacrawford/Google Drive/Horizons/horizons/fakeDocs/env.sh
28 verbose tar unpack /Users/elianacrawford/Google Drive/Horizons/horizons/fakeDocs/env.sh
29 verbose tar unpacking to /var/folders/lh/gml3rx911s1171ckjkykknjh0000gn/T/npm-1475-93c11732/unpack-590c713a
30 silly gentlyRm /var/folders/lh/gml3rx911s1171ckjkykknjh0000gn/T/npm-1475-93c11732/unpack-590c713a is being purged
31 verbose gentlyRm don't care about contents; nuking /var/folders/lh/gml3rx911s1171ckjkykknjh0000gn/T/npm-1475-93c11732/unpack-590c713a
32 silly gunzTarPerm modes [ '755', '644' ]
33 error tar.unpack error reading /Users/elianacrawford/Google Drive/Horizons/horizons/fakeDocs/env.sh
34 error addLocal Could not install /Users/elianacrawford/Google Drive/Horizons/horizons/fakeDocs/env.sh
35 silly fetchPackageMetaData Error: 0-byte tarball
35 silly fetchPackageMetaData Please run `npm cache clean`
35 silly fetchPackageMetaData     at /usr/local/lib/node_modules/npm/lib/utils/tar.js:287:14
35 silly fetchPackageMetaData     at /usr/local/lib/node_modules/npm/node_modules/graceful-fs/polyfills.js:267:18
35 silly fetchPackageMetaData     at FSReqWrap.oncomplete (fs.js:123:15)
35 silly fetchPackageMetaData  error for env.sh Error: 0-byte tarball
35 silly fetchPackageMetaData Please run `npm cache clean`
35 silly fetchPackageMetaData     at /usr/local/lib/node_modules/npm/lib/utils/tar.js:287:14
35 silly fetchPackageMetaData     at /usr/local/lib/node_modules/npm/node_modules/graceful-fs/polyfills.js:267:18
35 silly fetchPackageMetaData     at FSReqWrap.oncomplete (fs.js:123:15)
36 http 200 https://registry.npmjs.org/vim
37 verbose headers { server: 'nginx/1.10.3',
37 verbose headers   'content-type': 'application/json',
37 verbose headers   'last-modified': 'Wed, 02 Dec 2015 16:29:16 GMT',
37 verbose headers   etag: 'W/"565f1c5c-a7b"',
37 verbose headers   'content-encoding': 'gzip',
37 verbose headers   'cache-control': 'max-age=300',
37 verbose headers   'content-length': '1015',
37 verbose headers   'accept-ranges': 'bytes',
37 verbose headers   date: 'Mon, 30 Oct 2017 18:41:02 GMT',
37 verbose headers   via: '1.1 varnish',
37 verbose headers   age: '0',
37 verbose headers   connection: 'keep-alive',
37 verbose headers   'x-served-by': 'cache-sjc3638-SJC',
37 verbose headers   'x-cache': 'MISS',
37 verbose headers   'x-cache-hits': '0',
37 verbose headers   'x-timer': 'S1509388863.700092,VS0,VE65',
37 verbose headers   vary: 'Accept-Encoding, Accept' }
38 silly get cb [ 200,
38 silly get   { server: 'nginx/1.10.3',
38 silly get     'content-type': 'application/json',
38 silly get     'last-modified': 'Wed, 02 Dec 2015 16:29:16 GMT',
38 silly get     etag: 'W/"565f1c5c-a7b"',
38 silly get     'content-encoding': 'gzip',
38 silly get     'cache-control': 'max-age=300',
38 silly get     'content-length': '1015',
38 silly get     'accept-ranges': 'bytes',
38 silly get     date: 'Mon, 30 Oct 2017 18:41:02 GMT',
38 silly get     via: '1.1 varnish',
38 silly get     age: '0',
38 silly get     connection: 'keep-alive',
38 silly get     'x-served-by': 'cache-sjc3638-SJC',
38 silly get     'x-cache': 'MISS',
38 silly get     'x-cache-hits': '0',
38 silly get     'x-timer': 'S1509388863.700092,VS0,VE65',
38 silly get     vary: 'Accept-Encoding, Accept' } ]
39 verbose get saving vim to /Users/elianacrawford/.npm/registry.npmjs.org/vim/.cache.json
40 verbose correctMkdir /Users/elianacrawford/.npm correctMkdir not in flight; initializing
41 silly rollbackFailedOptional Starting
42 silly rollbackFailedOptional Finishing
43 silly runTopLevelLifecycles Finishing
44 silly install printInstalled
45 verbose stack Error: 0-byte tarball
45 verbose stack Please run `npm cache clean`
45 verbose stack     at /usr/local/lib/node_modules/npm/lib/utils/tar.js:287:14
45 verbose stack     at /usr/local/lib/node_modules/npm/node_modules/graceful-fs/polyfills.js:267:18
45 verbose stack     at FSReqWrap.oncomplete (fs.js:123:15)
46 verbose cwd /Users/elianacrawford/Google Drive/Horizons/horizons/fakeDocs
47 error Darwin 16.7.0
48 error argv "/usr/local/bin/node" "/usr/local/bin/npm" "install" "vim" "env.sh"
49 error node v6.11.3
50 error npm  v3.10.10
51 error 0-byte tarball
51 error Please run `npm cache clean`
52 error If you need help, you may report this error at:
52 error     <https://github.com/npm/npm/issues>
53 verbose exit [ 1, true ]
